0 info it worked if it ends with ok
1 verbose cli [ '/Users/bmcmahen/.nvm/versions/io.js/v1.7.1/bin/iojs',
1 verbose cli   '/Users/bmcmahen/.nvm/versions/io.js/v1.7.1/bin/npm',
1 verbose cli   'run',
1 verbose cli   'watch-client' ]
2 info using npm@2.11.2
3 info using node@v1.7.1
4 verbose stack Error: missing script: watch-client
4 verbose stack     at run (/Users/bmcmahen/.nvm/versions/io.js/v1.7.1/lib/node_modules/npm/lib/run-script.js:142:19)
4 verbose stack     at /Users/bmcmahen/.nvm/versions/io.js/v1.7.1/lib/node_modules/npm/lib/run-script.js:58:5
4 verbose stack     at /Users/bmcmahen/.nvm/versions/io.js/v1.7.1/lib/node_modules/npm/node_modules/read-package-json/read-json.js:345:5
4 verbose stack     at checkBinReferences_ (/Users/bmcmahen/.nvm/versions/io.js/v1.7.1/lib/node_modules/npm/node_modules/read-package-json/read-json.js:309:45)
4 verbose stack     at final (/Users/bmcmahen/.nvm/versions/io.js/v1.7.1/lib/node_modules/npm/node_modules/read-package-json/read-json.js:343:3)
4 verbose stack     at then (/Users/bmcmahen/.nvm/versions/io.js/v1.7.1/lib/node_modules/npm/node_modules/read-package-json/read-json.js:113:5)
4 verbose stack     at /Users/bmcmahen/.nvm/versions/io.js/v1.7.1/lib/node_modules/npm/node_modules/read-package-json/read-json.js:284:20
4 verbose stack     at FSReqWrap.readFileAfterOpen [as oncomplete] (evalmachine.<anonymous>:303:5)
5 verbose cwd /Users/bmcmahen/Development/Medicine
6 error Darwin 14.3.0
7 error argv "/Users/bmcmahen/.nvm/versions/io.js/v1.7.1/bin/iojs" "/Users/bmcmahen/.nvm/versions/io.js/v1.7.1/bin/npm" "run" "watch-client"
8 error node v1.7.1
9 error npm  v2.11.2
10 error missing script: watch-client
11 error If you need help, you may report this error at:
11 error     <https://github.com/npm/npm/issues>
12 verbose exit [ 1, true ]
